<?xml version="1.0" encoding="UTF-8"?>
<testsuite xmlns:xsi="http://www.w3.org/2001/XMLSchema-instance" xsi:noNamespaceSchemaLocation="https://maven.apache.org/surefire/maven-failsafe-plugin/xsd/failsafe-test-report-3.0.xsd" version="3.0" name="com.test.sampleapp.integration.CucumberIntegrationIT" time="27.862" tests="7" errors="0" skipped="0" failures="0">
  <properties>
    <property name="gopherProxySet" value="false"/>
    <property name="awt.toolkit" value="sun.lwawt.macosx.LWCToolkit"/>
    <property name="file.encoding.pkg" value="sun.io"/>
    <property name="java.specification.version" value="1.8"/>
    <property name="sun.cpu.isalist" value=""/>
    <property name="sun.jnu.encoding" value="UTF-8"/>
    <property name="java.class.path" value="/Users/rsusarla/Documents/POC1/spring-boot-sample-app/target/test-classes:/Users/rsusarla/Documents/POC1/spring-boot-sample-app/target/sampleapp-1.0.0-SNAPSHOT.jar:/Users/rsusarla/Documents/Maven/apache-maven-3.5.4/repo/org/springframework/boot/spring-boot-starter-actuator/2.1.0.RELEASE/spring-boot-starter-actuator-2.1.0.RELEASE.jar:/Users/rsusarla/Documents/Maven/apache-maven-3.5.4/repo/org/springframework/boot/spring-boot-starter/2.1.0.RELEASE/spring-boot-starter-2.1.0.RELEASE.jar:/Users/rsusarla/Documents/Maven/apache-maven-3.5.4/repo/org/springframework/boot/spring-boot/2.1.0.RELEASE/spring-boot-2.1.0.RELEASE.jar:/Users/rsusarla/Documents/Maven/apache-maven-3.5.4/repo/org/springframework/boot/spring-boot-autoconfigure/2.1.0.RELEASE/spring-boot-autoconfigure-2.1.0.RELEASE.jar:/Users/rsusarla/Documents/Maven/apache-maven-3.5.4/repo/org/springframework/boot/spring-boot-starter-logging/2.1.0.RELEASE/spring-boot-starter-logging-2.1.0.RELEASE.jar:/Users/rsusarla/Documents/Maven/apache-maven-3.5.4/repo/org/apache/logging/log4j/log4j-to-slf4j/2.11.1/log4j-to-slf4j-2.11.1.jar:/Users/rsusarla/Documents/Maven/apache-maven-3.5.4/repo/org/apache/logging/log4j/log4j-api/2.11.1/log4j-api-2.11.1.jar:/Users/rsusarla/Documents/Maven/apache-maven-3.5.4/repo/org/slf4j/jul-to-slf4j/1.7.25/jul-to-slf4j-1.7.25.jar:/Users/rsusarla/Documents/Maven/apache-maven-3.5.4/repo/javax/annotation/javax.annotation-api/1.3.2/javax.annotation-api-1.3.2.jar:/Users/rsusarla/Documents/Maven/apache-maven-3.5.4/repo/org/springframework/boot/spring-boot-actuator-autoconfigure/2.1.0.RELEASE/spring-boot-actuator-autoconfigure-2.1.0.RELEASE.jar:/Users/rsusarla/Documents/Maven/apache-maven-3.5.4/repo/org/springframework/boot/spring-boot-actuator/2.1.0.RELEASE/spring-boot-actuator-2.1.0.RELEASE.jar:/Users/rsusarla/Documents/Maven/apache-maven-3.5.4/repo/com/fasterxml/jackson/core/jackson-databind/2.9.7/jackson-databind-2.9.7.jar:/Users/rsusarla/Documents/Maven/apache-maven-3.5.4/repo/com/fasterxml/jackson/core/jackson-core/2.9.7/jackson-core-2.9.7.jar:/Users/rsusarla/Documents/Maven/apache-maven-3.5.4/repo/org/springframework/spring-context/5.1.2.RELEASE/spring-context-5.1.2.RELEASE.jar:/Users/rsusarla/Documents/Maven/apache-maven-3.5.4/repo/com/fasterxml/jackson/datatype/jackson-datatype-jsr310/2.9.7/jackson-datatype-jsr310-2.9.7.jar:/Users/rsusarla/Documents/Maven/apache-maven-3.5.4/repo/io/micrometer/micrometer-core/1.1.0/micrometer-core-1.1.0.jar:/Users/rsusarla/Documents/Maven/apache-maven-3.5.4/repo/org/hdrhistogram/HdrHistogram/2.1.9/HdrHistogram-2.1.9.jar:/Users/rsusarla/Documents/Maven/apache-maven-3.5.4/repo/org/latencyutils/LatencyUtils/2.0.3/LatencyUtils-2.0.3.jar:/Users/rsusarla/Documents/Maven/apache-maven-3.5.4/repo/org/springframework/cloud/spring-cloud-config-server/2.0.0.RELEASE/spring-cloud-config-server-2.0.0.RELEASE.jar:/Users/rsusarla/Documents/Maven/apache-maven-3.5.4/repo/org/springframework/cloud/spring-cloud-config-client/2.0.0.RELEASE/spring-cloud-config-client-2.0.0.RELEASE.jar:/Users/rsusarla/Documents/Maven/apache-maven-3.5.4/repo/org/springframework/cloud/spring-cloud-commons/2.0.0.RELEASE/spring-cloud-commons-2.0.0.RELEASE.jar:/Users/rsusarla/Documents/Maven/apache-maven-3.5.4/repo/org/springframework/cloud/spring-cloud-context/2.0.0.RELEASE/spring-cloud-context-2.0.0.RELEASE.jar:/Users/rsusarla/Documents/Maven/apache-maven-3.5.4/repo/com/fasterxml/jackson/core/jackson-annotations/2.9.0/jackson-annotations-2.9.0.jar:/Users/rsusarla/Documents/Maven/apache-maven-3.5.4/repo/org/springframework/security/spring-security-crypto/5.1.1.RELEASE/spring-security-crypto-5.1.1.RELEASE.jar:/Users/rsusarla/Documents/Maven/apache-maven-3.5.4/repo/org/springframework/security/spring-security-rsa/1.0.5.RELEASE/spring-security-rsa-1.0.5.RELEASE.jar:/Users/rsusarla/Documents/Maven/apache-maven-3.5.4/repo/org/bouncycastle/bcpkix-jdk15on/1.56/bcpkix-jdk15on-1.56.jar:/Users/rsusarla/Documents/Maven/apache-maven-3.5.4/repo/org/bouncycastle/bcprov-jdk15on/1.56/bcprov-jdk15on-1.56.jar:/Users/rsusarla/Documents/Maven/apache-maven-3.5.4/repo/org/eclipse/jgit/org.eclipse.jgit/4.11.0.201803080745-r/org.eclipse.jgit-4.11.0.201803080745-r.jar:/Users/rsusarla/Documents/Maven/apache-maven-3.5.4/repo/com/jcraft/jsch/0.1.54/jsch-0.1.54.jar:/Users/rsusarla/Documents/Maven/apache-maven-3.5.4/repo/com/jcraft/jzlib/1.1.1/jzlib-1.1.1.jar:/Users/rsusarla/Documents/Maven/apache-maven-3.5.4/repo/com/googlecode/javaewah/JavaEWAH/1.1.6/JavaEWAH-1.1.6.jar:/Users/rsusarla/Documents/Maven/apache-maven-3.5.4/repo/org/apache/httpcomponents/httpclient/4.5.6/httpclient-4.5.6.jar:/Users/rsusarla/Documents/Maven/apache-maven-3.5.4/repo/commons-codec/commons-codec/1.11/commons-codec-1.11.jar:/Users/rsusarla/Documents/Maven/apache-maven-3.5.4/repo/org/eclipse/jgit/org.eclipse.jgit.http.apache/4.11.0.201803080745-r/org.eclipse.jgit.http.apache-4.11.0.201803080745-r.jar:/Users/rsusarla/Documents/Maven/apache-maven-3.5.4/repo/org/apache/httpcomponents/httpcore/4.4.10/httpcore-4.4.10.jar:/Users/rsusarla/Documents/Maven/apache-maven-3.5.4/repo/org/yaml/snakeyaml/1.23/snakeyaml-1.23.jar:/Users/rsusarla/Documents/Maven/apache-maven-3.5.4/repo/org/springframework/boot/spring-boot-starter-web/2.1.0.RELEASE/spring-boot-starter-web-2.1.0.RELEASE.jar:/Users/rsusarla/Documents/Maven/apache-maven-3.5.4/repo/org/springframework/boot/spring-boot-starter-json/2.1.0.RELEASE/spring-boot-starter-json-2.1.0.RELEASE.jar:/Users/rsusarla/Documents/Maven/apache-maven-3.5.4/repo/com/fasterxml/jackson/datatype/jackson-datatype-jdk8/2.9.7/jackson-datatype-jdk8-2.9.7.jar:/Users/rsusarla/Documents/Maven/apache-maven-3.5.4/repo/com/fasterxml/jackson/module/jackson-module-parameter-names/2.9.7/jackson-module-parameter-names-2.9.7.jar:/Users/rsusarla/Documents/Maven/apache-maven-3.5.4/repo/org/springframework/boot/spring-boot-starter-tomcat/2.1.0.RELEASE/spring-boot-starter-tomcat-2.1.0.RELEASE.jar:/Users/rsusarla/Documents/Maven/apache-maven-3.5.4/repo/org/apache/tomcat/embed/tomcat-embed-core/9.0.12/tomcat-embed-core-9.0.12.jar:/Users/rsusarla/Documents/Maven/apache-maven-3.5.4/repo/org/apache/tomcat/embed/tomcat-embed-el/9.0.12/tomcat-embed-el-9.0.12.jar:/Users/rsusarla/Documents/Maven/apache-maven-3.5.4/repo/org/apache/tomcat/embed/tomcat-embed-websocket/9.0.12/tomcat-embed-websocket-9.0.12.jar:/Users/rsusarla/Documents/Maven/apache-maven-3.5.4/repo/org/hibernate/validator/hibernate-validator/6.0.13.Final/hibernate-validator-6.0.13.Final.jar:/Users/rsusarla/Documents/Maven/apache-maven-3.5.4/repo/javax/validation/validation-api/2.0.1.Final/validation-api-2.0.1.Final.jar:/Users/rsusarla/Documents/Maven/apache-maven-3.5.4/repo/org/jboss/logging/jboss-logging/3.3.2.Final/jboss-logging-3.3.2.Final.jar:/Users/rsusarla/Documents/Maven/apache-maven-3.5.4/repo/org/springframework/spring-web/5.1.2.RELEASE/spring-web-5.1.2.RELEASE.jar:/Users/rsusarla/Documents/Maven/apache-maven-3.5.4/repo/org/springframework/spring-webmvc/5.1.2.RELEASE/spring-webmvc-5.1.2.RELEASE.jar:/Users/rsusarla/Documents/Maven/apache-maven-3.5.4/repo/org/springframework/spring-expression/5.1.2.RELEASE/spring-expression-5.1.2.RELEASE.jar:/Users/rsusarla/Documents/Maven/apache-maven-3.5.4/repo/org/springframework/boot/spring-boot-starter-data-jpa/2.1.0.RELEASE/spring-boot-starter-data-jpa-2.1.0.RELEASE.jar:/Users/rsusarla/Documents/Maven/apache-maven-3.5.4/repo/org/springframework/boot/spring-boot-starter-aop/2.1.0.RELEASE/spring-boot-starter-aop-2.1.0.RELEASE.jar:/Users/rsusarla/Documents/Maven/apache-maven-3.5.4/repo/org/aspectj/aspectjweaver/1.9.2/aspectjweaver-1.9.2.jar:/Users/rsusarla/Documents/Maven/apache-maven-3.5.4/repo/org/springframework/boot/spring-boot-starter-jdbc/2.1.0.RELEASE/spring-boot-starter-jdbc-2.1.0.RELEASE.jar:/Users/rsusarla/Documents/Maven/apache-maven-3.5.4/repo/org/springframework/spring-jdbc/5.1.2.RELEASE/spring-jdbc-5.1.2.RELEASE.jar:/Users/rsusarla/Documents/Maven/apache-maven-3.5.4/repo/javax/transaction/javax.transaction-api/1.3/javax.transaction-api-1.3.jar:/Users/rsusarla/Documents/Maven/apache-maven-3.5.4/repo/javax/xml/bind/jaxb-api/2.3.1/jaxb-api-2.3.1.jar:/Users/rsusarla/Documents/Maven/apache-maven-3.5.4/repo/javax/activation/javax.activation-api/1.2.0/javax.activation-api-1.2.0.jar:/Users/rsusarla/Documents/Maven/apache-maven-3.5.4/repo/org/hibernate/hibernate-core/5.3.7.Final/hibernate-core-5.3.7.Final.jar:/Users/rsusarla/Documents/Maven/apache-maven-3.5.4/repo/javax/persistence/javax.persistence-api/2.2/javax.persistence-api-2.2.jar:/Users/rsusarla/Documents/Maven/apache-maven-3.5.4/repo/org/javassist/javassist/3.23.1-GA/javassist-3.23.1-GA.jar:/Users/rsusarla/Documents/Maven/apache-maven-3.5.4/repo/antlr/antlr/2.7.7/antlr-2.7.7.jar:/Users/rsusarla/Documents/Maven/apache-maven-3.5.4/repo/org/jboss/jandex/2.0.5.Final/jandex-2.0.5.Final.jar:/Users/rsusarla/Documents/Maven/apache-maven-3.5.4/repo/org/dom4j/dom4j/2.1.1/dom4j-2.1.1.jar:/Users/rsusarla/Documents/Maven/apache-maven-3.5.4/repo/org/hibernate/common/hibernate-commons-annotations/5.0.4.Final/hibernate-commons-annotations-5.0.4.Final.jar:/Users/rsusarla/Documents/Maven/apache-maven-3.5.4/repo/org/springframework/data/spring-data-jpa/2.1.2.RELEASE/spring-data-jpa-2.1.2.RELEASE.jar:/Users/rsusarla/Documents/Maven/apache-maven-3.5.4/repo/org/springframework/data/spring-data-commons/2.1.2.RELEASE/spring-data-commons-2.1.2.RELEASE.jar:/Users/rsusarla/Documents/Maven/apache-maven-3.5.4/repo/org/springframework/spring-orm/5.1.2.RELEASE/spring-orm-5.1.2.RELEASE.jar:/Users/rsusarla/Documents/Maven/apache-maven-3.5.4/repo/org/springframework/spring-tx/5.1.2.RELEASE/spring-tx-5.1.2.RELEASE.jar:/Users/rsusarla/Documents/Maven/apache-maven-3.5.4/repo/org/springframework/spring-aspects/5.1.2.RELEASE/spring-aspects-5.1.2.RELEASE.jar:/Users/rsusarla/Documents/Maven/apache-maven-3.5.4/repo/com/h2database/h2/1.4.197/h2-1.4.197.jar:/Users/rsusarla/Documents/Maven/apache-maven-3.5.4/repo/org/projectlombok/lombok/1.18.4/lombok-1.18.4.jar:/Users/rsusarla/Documents/Maven/apache-maven-3.5.4/repo/org/springframework/boot/spring-boot-starter-test/2.1.0.RELEASE/spring-boot-starter-test-2.1.0.RELEASE.jar:/Users/rsusarla/Documents/Maven/apache-maven-3.5.4/repo/org/springframework/boot/spring-boot-test/2.1.0.RELEASE/spring-boot-test-2.1.0.RELEASE.jar:/Users/rsusarla/Documents/Maven/apache-maven-3.5.4/repo/org/springframework/boot/spring-boot-test-autoconfigure/2.1.0.RELEASE/spring-boot-test-autoconfigure-2.1.0.RELEASE.jar:/Users/rsusarla/Documents/Maven/apache-maven-3.5.4/repo/com/jayway/jsonpath/json-path/2.4.0/json-path-2.4.0.jar:/Users/rsusarla/Documents/Maven/apache-maven-3.5.4/repo/net/minidev/json-smart/2.3/json-smart-2.3.jar:/Users/rsusarla/Documents/Maven/apache-maven-3.5.4/repo/net/minidev/accessors-smart/1.2/accessors-smart-1.2.jar:/Users/rsusarla/Documents/Maven/apache-maven-3.5.4/repo/org/assertj/assertj-core/3.11.1/assertj-core-3.11.1.jar:/Users/rsusarla/Documents/Maven/apache-maven-3.5.4/repo/org/hamcrest/hamcrest-core/1.3/hamcrest-core-1.3.jar:/Users/rsusarla/Documents/Maven/apache-maven-3.5.4/repo/org/hamcrest/hamcrest-library/1.3/hamcrest-library-1.3.jar:/Users/rsusarla/Documents/Maven/apache-maven-3.5.4/repo/org/skyscreamer/jsonassert/1.5.0/jsonassert-1.5.0.jar:/Users/rsusarla/Documents/Maven/apache-maven-3.5.4/repo/com/vaadin/external/google/android-json/0.0.20131108.vaadin1/android-json-0.0.20131108.vaadin1.jar:/Users/rsusarla/Documents/Maven/apache-maven-3.5.4/repo/org/springframework/spring-core/5.1.2.RELEASE/spring-core-5.1.2.RELEASE.jar:/Users/rsusarla/Documents/Maven/apache-maven-3.5.4/repo/org/springframework/spring-jcl/5.1.2.RELEASE/spring-jcl-5.1.2.RELEASE.jar:/Users/rsusarla/Documents/Maven/apache-maven-3.5.4/repo/org/springframework/spring-test/5.1.2.RELEASE/spring-test-5.1.2.RELEASE.jar:/Users/rsusarla/Documents/Maven/apache-maven-3.5.4/repo/org/xmlunit/xmlunit-core/2.6.2/xmlunit-core-2.6.2.jar:/Users/rsusarla/Documents/Maven/apache-maven-3.5.4/repo/io/springfox/springfox-swagger2/2.7.0/springfox-swagger2-2.7.0.jar:/Users/rsusarla/Documents/Maven/apache-maven-3.5.4/repo/io/swagger/swagger-annotations/1.5.13/swagger-annotations-1.5.13.jar:/Users/rsusarla/Documents/Maven/apache-maven-3.5.4/repo/io/swagger/swagger-models/1.5.13/swagger-models-1.5.13.jar:/Users/rsusarla/Documents/Maven/apache-maven-3.5.4/repo/io/springfox/springfox-spi/2.7.0/springfox-spi-2.7.0.jar:/Users/rsusarla/Documents/Maven/apache-maven-3.5.4/repo/io/springfox/springfox-core/2.7.0/springfox-core-2.7.0.jar:/Users/rsusarla/Documents/Maven/apache-maven-3.5.4/repo/io/springfox/springfox-schema/2.7.0/springfox-schema-2.7.0.jar:/Users/rsusarla/Documents/Maven/apache-maven-3.5.4/repo/io/springfox/springfox-swagger-common/2.7.0/springfox-swagger-common-2.7.0.jar:/Users/rsusarla/Documents/Maven/apache-maven-3.5.4/repo/io/springfox/springfox-spring-web/2.7.0/springfox-spring-web-2.7.0.jar:/Users/rsusarla/Documents/Maven/apache-maven-3.5.4/repo/org/reflections/reflections/0.9.11/reflections-0.9.11.jar:/Users/rsusarla/Documents/Maven/apache-maven-3.5.4/repo/com/google/guava/guava/18.0/guava-18.0.jar:/Users/rsusarla/Documents/Maven/apache-maven-3.5.4/repo/com/fasterxml/classmate/1.4.0/classmate-1.4.0.jar:/Users/rsusarla/Documents/Maven/apache-maven-3.5.4/repo/org/slf4j/slf4j-api/1.7.25/slf4j-api-1.7.25.jar:/Users/rsusarla/Documents/Maven/apache-maven-3.5.4/repo/org/springframework/plugin/spring-plugin-core/1.2.0.RELEASE/spring-plugin-core-1.2.0.RELEASE.jar:/Users/rsusarla/Documents/Maven/apache-maven-3.5.4/repo/org/springframework/plugin/spring-plugin-metadata/1.2.0.RELEASE/spring-plugin-metadata-1.2.0.RELEASE.jar:/Users/rsusarla/Documents/Maven/apache-maven-3.5.4/repo/org/mapstruct/mapstruct/1.1.0.Final/mapstruct-1.1.0.Final.jar:/Users/rsusarla/Documents/Maven/apache-maven-3.5.4/repo/io/springfox/springfox-swagger-ui/2.7.0/springfox-swagger-ui-2.7.0.jar:/Users/rsusarla/Documents/Maven/apache-maven-3.5.4/repo/ch/qos/logback/logback-core/1.2.3/logback-core-1.2.3.jar:/Users/rsusarla/Documents/Maven/apache-maven-3.5.4/repo/ch/qos/logback/logback-classic/1.2.3/logback-classic-1.2.3.jar:/Users/rsusarla/Documents/Maven/apache-maven-3.5.4/repo/org/mockito/mockito-core/2.8.47/mockito-core-2.8.47.jar:/Users/rsusarla/Documents/Maven/apache-maven-3.5.4/repo/net/bytebuddy/byte-buddy/1.9.3/byte-buddy-1.9.3.jar:/Users/rsusarla/Documents/Maven/apache-maven-3.5.4/repo/net/bytebuddy/byte-buddy-agent/1.9.3/byte-buddy-agent-1.9.3.jar:/Users/rsusarla/Documents/Maven/apache-maven-3.5.4/repo/org/objenesis/objenesis/2.5/objenesis-2.5.jar:/Users/rsusarla/Documents/Maven/apache-maven-3.5.4/repo/info/cukes/cucumber-java/1.2.5/cucumber-java-1.2.5.jar:/Users/rsusarla/Documents/Maven/apache-maven-3.5.4/repo/info/cukes/cucumber-core/1.2.5/cucumber-core-1.2.5.jar:/Users/rsusarla/Documents/Maven/apache-maven-3.5.4/repo/info/cukes/cucumber-html/0.2.3/cucumber-html-0.2.3.jar:/Users/rsusarla/Documents/Maven/apache-maven-3.5.4/repo/info/cukes/cucumber-jvm-deps/1.0.5/cucumber-jvm-deps-1.0.5.jar:/Users/rsusarla/Documents/Maven/apache-maven-3.5.4/repo/info/cukes/gherkin/2.12.2/gherkin-2.12.2.jar:/Users/rsusarla/Documents/Maven/apache-maven-3.5.4/repo/info/cukes/cucumber-junit/1.2.5/cucumber-junit-1.2.5.jar:/Users/rsusarla/Documents/Maven/apache-maven-3.5.4/repo/info/cukes/cucumber-spring/1.2.5/cucumber-spring-1.2.5.jar:/Users/rsusarla/Documents/Maven/apache-maven-3.5.4/repo/org/springframework/retry/spring-retry/1.2.2.RELEASE/spring-retry-1.2.2.RELEASE.jar:/Users/rsusarla/Documents/Maven/apache-maven-3.5.4/repo/org/springframework/spring-aop/5.1.2.RELEASE/spring-aop-5.1.2.RELEASE.jar:/Users/rsusarla/Documents/Maven/apache-maven-3.5.4/repo/org/springframework/spring-beans/5.1.2.RELEASE/spring-beans-5.1.2.RELEASE.jar:/Users/rsusarla/Documents/Maven/apache-maven-3.5.4/repo/org/modelmapper/modelmapper/2.3.1/modelmapper-2.3.1.jar:/Users/rsusarla/Documents/Maven/apache-maven-3.5.4/repo/org/apache/maven/plugins/maven-surefire-plugin/3.0.0-M1/maven-surefire-plugin-3.0.0-M1.jar:/Users/rsusarla/Documents/Maven/apache-maven-3.5.4/repo/org/apache/maven/surefire/maven-surefire-common/3.0.0-M1/maven-surefire-common-3.0.0-M1.jar:/Users/rsusarla/Documents/Maven/apache-maven-3.5.4/repo/org/apache/maven/surefire/surefire-api/3.0.0-M1/surefire-api-3.0.0-M1.jar:/Users/rsusarla/Documents/Maven/apache-maven-3.5.4/repo/org/apache/maven/surefire/surefire-logger-api/3.0.0-M1/surefire-logger-api-3.0.0-M1.jar:/Users/rsusarla/Documents/Maven/apache-maven-3.5.4/repo/org/apache/maven/surefire/surefire-booter/3.0.0-M1/surefire-booter-3.0.0-M1.jar:/Users/rsusarla/Documents/Maven/apache-maven-3.5.4/repo/org/apache/maven/maven-toolchain/3.0-alpha-2/maven-toolchain-3.0-alpha-2.jar:/Users/rsusarla/Documents/Maven/apache-maven-3.5.4/repo/org/apache/maven/maven-core/3.0-alpha-2/maven-core-3.0-alpha-2.jar:/Users/rsusarla/Documents/Maven/apache-maven-3.5.4/repo/org/apache/maven/maven-lifecycle/3.0-alpha-2/maven-lifecycle-3.0-alpha-2.jar:/Users/rsusarla/Documents/Maven/apache-maven-3.5.4/repo/org/apache/maven/maven-reporting-api/3.0-alpha-2/maven-reporting-api-3.0-alpha-2.jar:/Users/rsusarla/Documents/Maven/apache-maven-3.5.4/repo/org/apache/maven/doxia/doxia-sink-api/1.0-alpha-9/doxia-sink-api-1.0-alpha-9.jar:/Users/rsusarla/Documents/Maven/apache-maven-3.5.4/repo/org/apache/maven/maven-model/3.0-alpha-2/maven-model-3.0-alpha-2.jar:/Users/rsusarla/Documents/Maven/apache-maven-3.5.4/repo/org/apache/maven/maven-plugin-api/3.0-alpha-2/maven-plugin-api-3.0-alpha-2.jar:/Users/rsusarla/Documents/Maven/apache-maven-3.5.4/repo/org/codehaus/plexus/plexus-container-default/1.0-beta-3.0.5/plexus-container-default-1.0-beta-3.0.5.jar:/Users/rsusarla/Documents/Maven/apache-maven-3.5.4/repo/org/apache/xbean/xbean-reflect/3.4/xbean-reflect-3.4.jar:/Users/rsusarla/Documents/Maven/apache-maven-3.5.4/repo/log4j/log4j/1.2.12/log4j-1.2.12.jar:/Users/rsusarla/Documents/Maven/apache-maven-3.5.4/repo/commons-logging/commons-logging-api/1.1/commons-logging-api-1.1.jar:/Users/rsusarla/Documents/Maven/apache-maven-3.5.4/repo/com/google/code/google-collections/google-collect/snapshot-20080530/google-collect-snapshot-20080530.jar:/Users/rsusarla/Documents/Maven/apache-maven-3.5.4/repo/org/apache/maven/maven-project/3.0-alpha-2/maven-project-3.0-alpha-2.jar:/Users/rsusarla/Documents/Maven/apache-maven-3.5.4/repo/org/codehaus/woodstox/wstx-asl/3.2.6/wstx-asl-3.2.6.jar:/Users/rsusarla/Documents/Maven/apache-maven-3.5.4/repo/org/apache/maven/maven-project-builder/3.0-alpha-2/maven-project-builder-3.0-alpha-2.jar:/Users/rsusarla/Documents/Maven/apache-maven-3.5.4/repo/commons-cli/commons-cli/1.0/commons-cli-1.0.jar:/Users/rsusarla/Documents/Maven/apache-maven-3.5.4/repo/org/codehaus/plexus/plexus-interactivity-api/1.0-alpha-6/plexus-interactivity-api-1.0-alpha-6.jar:/Users/rsusarla/Documents/Maven/apache-maven-3.5.4/repo/org/codehaus/plexus/plexus-interpolation/1.1/plexus-interpolation-1.1.jar:/Users/rsusarla/Documents/Maven/apache-maven-3.5.4/repo/org/codehaus/plexus/plexus-utils/1.5.6/plexus-utils-1.5.6.jar:/Users/rsusarla/Documents/Maven/apache-maven-3.5.4/repo/org/codehaus/plexus/plexus-classworlds/1.3/plexus-classworlds-1.3.jar:/Users/rsusarla/Documents/Maven/apache-maven-3.5.4/repo/org/codehaus/plexus/plexus-component-annotations/1.0-beta-3.0.5/plexus-component-annotations-1.0-beta-3.0.5.jar:/Users/rsusarla/Documents/Maven/apache-maven-3.5.4/repo/org/sonatype/plexus/plexus-plugin-manager/1.0-alpha-1/plexus-plugin-manager-1.0-alpha-1.jar:/Users/rsusarla/Documents/Maven/apache-maven-3.5.4/repo/org/apache/maven/mercury/mercury-plexus/1.0.0-alpha-2/mercury-plexus-1.0.0-alpha-2.jar:/Users/rsusarla/Documents/Maven/apache-maven-3.5.4/repo/org/apache/maven/mercury/mercury-repo-remote-m2/1.0.0-alpha-2/mercury-repo-remote-m2-1.0.0-alpha-2.jar:/Users/rsusarla/Documents/Maven/apache-maven-3.5.4/repo/org/apache/maven/mercury/mercury-repo-api/1.0.0-alpha-2/mercury-repo-api-1.0.0-alpha-2.jar:/Users/rsusarla/Documents/Maven/apache-maven-3.5.4/repo/org/apache/maven/mercury/mercury-transport-api/1.0.0-alpha-2/mercury-transport-api-1.0.0-alpha-2.jar:/Users/rsusarla/Documents/Maven/apache-maven-3.5.4/repo/org/apache/maven/mercury/mercury-crypto-api/1.0.0-alpha-2/mercury-crypto-api-1.0.0-alpha-2.jar:/Users/rsusarla/Documents/Maven/apache-maven-3.5.4/repo/org/apache/maven/mercury/mercury-transport-http/1.0.0-alpha-2/mercury-transport-http-1.0.0-alpha-2.jar:/Users/rsusarla/Documents/Maven/apache-maven-3.5.4/repo/org/mortbay/jetty/jetty-client/6.1.12/jetty-client-6.1.12.jar:/Users/rsusarla/Documents/Maven/apache-maven-3.5.4/repo/org/mortbay/jetty/jetty-sslengine/6.1.12/jetty-sslengine-6.1.12.jar:/Users/rsusarla/Documents/Maven/apache-maven-3.5.4/repo/org/mortbay/jetty/jetty/6.1.12/jetty-6.1.12.jar:/Users/rsusarla/Documents/Maven/apache-maven-3.5.4/repo/org/mortbay/jetty/jetty-util/6.1.12/jetty-util-6.1.12.jar:/Users/rsusarla/Documents/Maven/apache-maven-3.5.4/repo/org/mortbay/jetty/servlet-api-2.5/6.1.12/servlet-api-2.5-6.1.12.jar:/Users/rsusarla/Documents/Maven/apache-maven-3.5.4/repo/org/apache/maven/mercury/mercury-crypto-basic/1.0.0-alpha-2/mercury-crypto-basic-1.0.0-alpha-2.jar:/Users/rsusarla/Documents/Maven/apache-maven-3.5.4/repo/bouncycastle/bcprov-jdk15/140/bcprov-jdk15-140.jar:/Users/rsusarla/Documents/Maven/apache-maven-3.5.4/repo/bouncycastle/bcpg-jdk15/140/bcpg-jdk15-140.jar:/Users/rsusarla/Documents/Maven/apache-maven-3.5.4/repo/org/apache/maven/mercury/mercury-md-shared/1.0.0-alpha-2/mercury-md-shared-1.0.0-alpha-2.jar:/Users/rsusarla/Documents/Maven/apache-maven-3.5.4/repo/org/apache/maven/mercury/mercury-util/1.0.0-alpha-2/mercury-util-1.0.0-alpha-2.jar:/Users/rsusarla/Documents/Maven/apache-maven-3.5.4/repo/org/apache/maven/mercury/mercury-repo-local-m2/1.0.0-alpha-2/mercury-repo-local-m2-1.0.0-alpha-2.jar:/Users/rsusarla/Documents/Maven/apache-maven-3.5.4/repo/org/apache/maven/mercury/mercury-repo-virtual/1.0.0-alpha-2/mercury-repo-virtual-1.0.0-alpha-2.jar:/Users/rsusarla/Documents/Maven/apache-maven-3.5.4/repo/org/apache/maven/mercury/mercury-repo-cache-fs/1.0.0-alpha-2/mercury-repo-cache-fs-1.0.0-alpha-2.jar:/Users/rsusarla/Documents/Maven/apache-maven-3.5.4/repo/org/apache/maven/mercury/mercury-md-sat/1.0.0-alpha-2/mercury-md-sat-1.0.0-alpha-2.jar:/Users/rsusarla/Documents/Maven/apache-maven-3.5.4/repo/org/sat4j/org.sat4j.core/2.0.4/org.sat4j.core-2.0.4.jar:/Users/rsusarla/Documents/Maven/apache-maven-3.5.4/repo/org/sat4j/org.sat4j.pb/2.0.4/org.sat4j.pb-2.0.4.jar:/Users/rsusarla/Documents/Maven/apache-maven-3.5.4/repo/org/apache/maven/mercury/mercury-event/1.0.0-alpha-2/mercury-event-1.0.0-alpha-2.jar:/Users/rsusarla/Documents/Maven/apache-maven-3.5.4/repo/org/apache/maven/mercury/mercury-logging/1.0.0-alpha-2/mercury-logging-1.0.0-alpha-2.jar:/Users/rsusarla/Documents/Maven/apache-maven-3.5.4/repo/org/codehaus/plexus/plexus-lang/1.1/plexus-lang-1.1.jar:/Users/rsusarla/Documents/Maven/apache-maven-3.5.4/repo/org/slf4j/slf4j-jdk14/1.7.25/slf4j-jdk14-1.7.25.jar:/Users/rsusarla/Documents/Maven/apache-maven-3.5.4/repo/org/apache/maven/maven-mercury/3.0-alpha-2/maven-mercury-3.0-alpha-2.jar:/Users/rsusarla/Documents/Maven/apache-maven-3.5.4/repo/org/apache/maven/mercury/mercury-artifact/1.0.0-alpha-2/mercury-artifact-1.0.0-alpha-2.jar:/Users/rsusarla/Documents/Maven/apache-maven-3.5.4/repo/org/apache/maven/mercury/mercury-external/1.0.0-alpha-2/mercury-external-1.0.0-alpha-2.jar:/Users/rsusarla/Documents/Maven/apache-maven-3.5.4/repo/org/sonatype/spice/model-builder/1.3/model-builder-1.3.jar:/Users/rsusarla/Documents/Maven/apache-maven-3.5.4/repo/stax/stax-api/1.0.1/stax-api-1.0.1.jar:/Users/rsusarla/Documents/Maven/apache-maven-3.5.4/repo/org/apache/maven/maven-compat/3.0-alpha-2/maven-compat-3.0-alpha-2.jar:/Users/rsusarla/Documents/Maven/apache-maven-3.5.4/repo/org/apache/maven/wagon/wagon-provider-api/1.0-beta-4/wagon-provider-api-1.0-beta-4.jar:/Users/rsusarla/Documents/Maven/apache-maven-3.5.4/repo/org/codehaus/plexus/plexus-java/0.9.11/plexus-java-0.9.11.jar:/Users/rsusarla/Documents/Maven/apache-maven-3.5.4/repo/org/ow2/asm/asm/7.0-beta/asm-7.0-beta.jar:/Users/rsusarla/Documents/Maven/apache-maven-3.5.4/repo/com/thoughtworks/qdox/qdox/2.0-M9/qdox-2.0-M9.jar:/Users/rsusarla/Documents/Maven/apache-maven-3.5.4/repo/junit/junit/4.11/junit-4.11.jar:"/>
    <property name="java.vm.vendor" value="Oracle Corporation"/>
    <property name="sun.arch.data.model" value="64"/>
    <property name="java.vendor.url" value="http://java.oracle.com/"/>
    <property name="user.timezone" value=""/>
    <property name="java.vm.specification.version" value="1.8"/>
    <property name="os.name" value="Mac OS X"/>
    <property name="user.country" value="US"/>
    <property name="sun.java.launcher" value="SUN_STANDARD"/>
    <property name="sun.boot.library.path" value="/Library/Java/JavaVirtualMachines/jdk1.8.0_191.jdk/Contents/Home/jre/lib"/>
    <property name="sun.java.command" value="/Users/rsusarla/Documents/POC1/spring-boot-sample-app/target/surefire/surefirebooter6308166266014613416.jar /Users/rsusarla/Documents/POC1/spring-boot-sample-app/target/surefire 2019-01-14T11-15-58_736-jvmRun1 surefire5707446717809830623tmp surefire_02879702074433035241tmp"/>
    <property name="surefire.test.class.path" value="/Users/rsusarla/Documents/POC1/spring-boot-sample-app/target/test-classes:/Users/rsusarla/Documents/POC1/spring-boot-sample-app/target/sampleapp-1.0.0-SNAPSHOT.jar:/Users/rsusarla/Documents/Maven/apache-maven-3.5.4/repo/org/springframework/boot/spring-boot-starter-actuator/2.1.0.RELEASE/spring-boot-starter-actuator-2.1.0.RELEASE.jar:/Users/rsusarla/Documents/Maven/apache-maven-3.5.4/repo/org/springframework/boot/spring-boot-starter/2.1.0.RELEASE/spring-boot-starter-2.1.0.RELEASE.jar:/Users/rsusarla/Documents/Maven/apache-maven-3.5.4/repo/org/springframework/boot/spring-boot/2.1.0.RELEASE/spring-boot-2.1.0.RELEASE.jar:/Users/rsusarla/Documents/Maven/apache-maven-3.5.4/repo/org/springframework/boot/spring-boot-autoconfigure/2.1.0.RELEASE/spring-boot-autoconfigure-2.1.0.RELEASE.jar:/Users/rsusarla/Documents/Maven/apache-maven-3.5.4/repo/org/springframework/boot/spring-boot-starter-logging/2.1.0.RELEASE/spring-boot-starter-logging-2.1.0.RELEASE.jar:/Users/rsusarla/Documents/Maven/apache-maven-3.5.4/repo/org/apache/logging/log4j/log4j-to-slf4j/2.11.1/log4j-to-slf4j-2.11.1.jar:/Users/rsusarla/Documents/Maven/apache-maven-3.5.4/repo/org/apache/logging/log4j/log4j-api/2.11.1/log4j-api-2.11.1.jar:/Users/rsusarla/Documents/Maven/apache-maven-3.5.4/repo/org/slf4j/jul-to-slf4j/1.7.25/jul-to-slf4j-1.7.25.jar:/Users/rsusarla/Documents/Maven/apache-maven-3.5.4/repo/javax/annotation/javax.annotation-api/1.3.2/javax.annotation-api-1.3.2.jar:/Users/rsusarla/Documents/Maven/apache-maven-3.5.4/repo/org/springframework/boot/spring-boot-actuator-autoconfigure/2.1.0.RELEASE/spring-boot-actuator-autoconfigure-2.1.0.RELEASE.jar:/Users/rsusarla/Documents/Maven/apache-maven-3.5.4/repo/org/springframework/boot/spring-boot-actuator/2.1.0.RELEASE/spring-boot-actuator-2.1.0.RELEASE.jar:/Users/rsusarla/Documents/Maven/apache-maven-3.5.4/repo/com/fasterxml/jackson/core/jackson-databind/2.9.7/jackson-databind-2.9.7.jar:/Users/rsusarla/Documents/Maven/apache-maven-3.5.4/repo/com/fasterxml/jackson/core/jackson-core/2.9.7/jackson-core-2.9.7.jar:/Users/rsusarla/Documents/Maven/apache-maven-3.5.4/repo/org/springframework/spring-context/5.1.2.RELEASE/spring-context-5.1.2.RELEASE.jar:/Users/rsusarla/Documents/Maven/apache-maven-3.5.4/repo/com/fasterxml/jackson/datatype/jackson-datatype-jsr310/2.9.7/jackson-datatype-jsr310-2.9.7.jar:/Users/rsusarla/Documents/Maven/apache-maven-3.5.4/repo/io/micrometer/micrometer-core/1.1.0/micrometer-core-1.1.0.jar:/Users/rsusarla/Documents/Maven/apache-maven-3.5.4/repo/org/hdrhistogram/HdrHistogram/2.1.9/HdrHistogram-2.1.9.jar:/Users/rsusarla/Documents/Maven/apache-maven-3.5.4/repo/org/latencyutils/LatencyUtils/2.0.3/LatencyUtils-2.0.3.jar:/Users/rsusarla/Documents/Maven/apache-maven-3.5.4/repo/org/springframework/cloud/spring-cloud-config-server/2.0.0.RELEASE/spring-cloud-config-server-2.0.0.RELEASE.jar:/Users/rsusarla/Documents/Maven/apache-maven-3.5.4/repo/org/springframework/cloud/spring-cloud-config-client/2.0.0.RELEASE/spring-cloud-config-client-2.0.0.RELEASE.jar:/Users/rsusarla/Documents/Maven/apache-maven-3.5.4/repo/org/springframework/cloud/spring-cloud-commons/2.0.0.RELEASE/spring-cloud-commons-2.0.0.RELEASE.jar:/Users/rsusarla/Documents/Maven/apache-maven-3.5.4/repo/org/springframework/cloud/spring-cloud-context/2.0.0.RELEASE/spring-cloud-context-2.0.0.RELEASE.jar:/Users/rsusarla/Documents/Maven/apache-maven-3.5.4/repo/com/fasterxml/jackson/core/jackson-annotations/2.9.0/jackson-annotations-2.9.0.jar:/Users/rsusarla/Documents/Maven/apache-maven-3.5.4/repo/org/springframework/security/spring-security-crypto/5.1.1.RELEASE/spring-security-crypto-5.1.1.RELEASE.jar:/Users/rsusarla/Documents/Maven/apache-maven-3.5.4/repo/org/springframework/security/spring-security-rsa/1.0.5.RELEASE/spring-security-rsa-1.0.5.RELEASE.jar:/Users/rsusarla/Documents/Maven/apache-maven-3.5.4/repo/org/bouncycastle/bcpkix-jdk15on/1.56/bcpkix-jdk15on-1.56.jar:/Users/rsusarla/Documents/Maven/apache-maven-3.5.4/repo/org/bouncycastle/bcprov-jdk15on/1.56/bcprov-jdk15on-1.56.jar:/Users/rsusarla/Documents/Maven/apache-maven-3.5.4/repo/org/eclipse/jgit/org.eclipse.jgit/4.11.0.201803080745-r/org.eclipse.jgit-4.11.0.201803080745-r.jar:/Users/rsusarla/Documents/Maven/apache-maven-3.5.4/repo/com/jcraft/jsch/0.1.54/jsch-0.1.54.jar:/Users/rsusarla/Documents/Maven/apache-maven-3.5.4/repo/com/jcraft/jzlib/1.1.1/jzlib-1.1.1.jar:/Users/rsusarla/Documents/Maven/apache-maven-3.5.4/repo/com/googlecode/javaewah/JavaEWAH/1.1.6/JavaEWAH-1.1.6.jar:/Users/rsusarla/Documents/Maven/apache-maven-3.5.4/repo/org/apache/httpcomponents/httpclient/4.5.6/httpclient-4.5.6.jar:/Users/rsusarla/Documents/Maven/apache-maven-3.5.4/repo/commons-codec/commons-codec/1.11/commons-codec-1.11.jar:/Users/rsusarla/Documents/Maven/apache-maven-3.5.4/repo/org/eclipse/jgit/org.eclipse.jgit.http.apache/4.11.0.201803080745-r/org.eclipse.jgit.http.apache-4.11.0.201803080745-r.jar:/Users/rsusarla/Documents/Maven/apache-maven-3.5.4/repo/org/apache/httpcomponents/httpcore/4.4.10/httpcore-4.4.10.jar:/Users/rsusarla/Documents/Maven/apache-maven-3.5.4/repo/org/yaml/snakeyaml/1.23/snakeyaml-1.23.jar:/Users/rsusarla/Documents/Maven/apache-maven-3.5.4/repo/org/springframework/boot/spring-boot-starter-web/2.1.0.RELEASE/spring-boot-starter-web-2.1.0.RELEASE.jar:/Users/rsusarla/Documents/Maven/apache-maven-3.5.4/repo/org/springframework/boot/spring-boot-starter-json/2.1.0.RELEASE/spring-boot-starter-json-2.1.0.RELEASE.jar:/Users/rsusarla/Documents/Maven/apache-maven-3.5.4/repo/com/fasterxml/jackson/datatype/jackson-datatype-jdk8/2.9.7/jackson-datatype-jdk8-2.9.7.jar:/Users/rsusarla/Documents/Maven/apache-maven-3.5.4/repo/com/fasterxml/jackson/module/jackson-module-parameter-names/2.9.7/jackson-module-parameter-names-2.9.7.jar:/Users/rsusarla/Documents/Maven/apache-maven-3.5.4/repo/org/springframework/boot/spring-boot-starter-tomcat/2.1.0.RELEASE/spring-boot-starter-tomcat-2.1.0.RELEASE.jar:/Users/rsusarla/Documents/Maven/apache-maven-3.5.4/repo/org/apache/tomcat/embed/tomcat-embed-core/9.0.12/tomcat-embed-core-9.0.12.jar:/Users/rsusarla/Documents/Maven/apache-maven-3.5.4/repo/org/apache/tomcat/embed/tomcat-embed-el/9.0.12/tomcat-embed-el-9.0.12.jar:/Users/rsusarla/Documents/Maven/apache-maven-3.5.4/repo/org/apache/tomcat/embed/tomcat-embed-websocket/9.0.12/tomcat-embed-websocket-9.0.12.jar:/Users/rsusarla/Documents/Maven/apache-maven-3.5.4/repo/org/hibernate/validator/hibernate-validator/6.0.13.Final/hibernate-validator-6.0.13.Final.jar:/Users/rsusarla/Documents/Maven/apache-maven-3.5.4/repo/javax/validation/validation-api/2.0.1.Final/validation-api-2.0.1.Final.jar:/Users/rsusarla/Documents/Maven/apache-maven-3.5.4/repo/org/jboss/logging/jboss-logging/3.3.2.Final/jboss-logging-3.3.2.Final.jar:/Users/rsusarla/Documents/Maven/apache-maven-3.5.4/repo/org/springframework/spring-web/5.1.2.RELEASE/spring-web-5.1.2.RELEASE.jar:/Users/rsusarla/Documents/Maven/apache-maven-3.5.4/repo/org/springframework/spring-webmvc/5.1.2.RELEASE/spring-webmvc-5.1.2.RELEASE.jar:/Users/rsusarla/Documents/Maven/apache-maven-3.5.4/repo/org/springframework/spring-expression/5.1.2.RELEASE/spring-expression-5.1.2.RELEASE.jar:/Users/rsusarla/Documents/Maven/apache-maven-3.5.4/repo/org/springframework/boot/spring-boot-starter-data-jpa/2.1.0.RELEASE/spring-boot-starter-data-jpa-2.1.0.RELEASE.jar:/Users/rsusarla/Documents/Maven/apache-maven-3.5.4/repo/org/springframework/boot/spring-boot-starter-aop/2.1.0.RELEASE/spring-boot-starter-aop-2.1.0.RELEASE.jar:/Users/rsusarla/Documents/Maven/apache-maven-3.5.4/repo/org/aspectj/aspectjweaver/1.9.2/aspectjweaver-1.9.2.jar:/Users/rsusarla/Documents/Maven/apache-maven-3.5.4/repo/org/springframework/boot/spring-boot-starter-jdbc/2.1.0.RELEASE/spring-boot-starter-jdbc-2.1.0.RELEASE.jar:/Users/rsusarla/Documents/Maven/apache-maven-3.5.4/repo/org/springframework/spring-jdbc/5.1.2.RELEASE/spring-jdbc-5.1.2.RELEASE.jar:/Users/rsusarla/Documents/Maven/apache-maven-3.5.4/repo/javax/transaction/javax.transaction-api/1.3/javax.transaction-api-1.3.jar:/Users/rsusarla/Documents/Maven/apache-maven-3.5.4/repo/javax/xml/bind/jaxb-api/2.3.1/jaxb-api-2.3.1.jar:/Users/rsusarla/Documents/Maven/apache-maven-3.5.4/repo/javax/activation/javax.activation-api/1.2.0/javax.activation-api-1.2.0.jar:/Users/rsusarla/Documents/Maven/apache-maven-3.5.4/repo/org/hibernate/hibernate-core/5.3.7.Final/hibernate-core-5.3.7.Final.jar:/Users/rsusarla/Documents/Maven/apache-maven-3.5.4/repo/javax/persistence/javax.persistence-api/2.2/javax.persistence-api-2.2.jar:/Users/rsusarla/Documents/Maven/apache-maven-3.5.4/repo/org/javassist/javassist/3.23.1-GA/javassist-3.23.1-GA.jar:/Users/rsusarla/Documents/Maven/apache-maven-3.5.4/repo/antlr/antlr/2.7.7/antlr-2.7.7.jar:/Users/rsusarla/Documents/Maven/apache-maven-3.5.4/repo/org/jboss/jandex/2.0.5.Final/jandex-2.0.5.Final.jar:/Users/rsusarla/Documents/Maven/apache-maven-3.5.4/repo/org/dom4j/dom4j/2.1.1/dom4j-2.1.1.jar:/Users/rsusarla/Documents/Maven/apache-maven-3.5.4/repo/org/hibernate/common/hibernate-commons-annotations/5.0.4.Final/hibernate-commons-annotations-5.0.4.Final.jar:/Users/rsusarla/Documents/Maven/apache-maven-3.5.4/repo/org/springframework/data/spring-data-jpa/2.1.2.RELEASE/spring-data-jpa-2.1.2.RELEASE.jar:/Users/rsusarla/Documents/Maven/apache-maven-3.5.4/repo/org/springframework/data/spring-data-commons/2.1.2.RELEASE/spring-data-commons-2.1.2.RELEASE.jar:/Users/rsusarla/Documents/Maven/apache-maven-3.5.4/repo/org/springframework/spring-orm/5.1.2.RELEASE/spring-orm-5.1.2.RELEASE.jar:/Users/rsusarla/Documents/Maven/apache-maven-3.5.4/repo/org/springframework/spring-tx/5.1.2.RELEASE/spring-tx-5.1.2.RELEASE.jar:/Users/rsusarla/Documents/Maven/apache-maven-3.5.4/repo/org/springframework/spring-aspects/5.1.2.RELEASE/spring-aspects-5.1.2.RELEASE.jar:/Users/rsusarla/Documents/Maven/apache-maven-3.5.4/repo/com/h2database/h2/1.4.197/h2-1.4.197.jar:/Users/rsusarla/Documents/Maven/apache-maven-3.5.4/repo/org/projectlombok/lombok/1.18.4/lombok-1.18.4.jar:/Users/rsusarla/Documents/Maven/apache-maven-3.5.4/repo/org/springframework/boot/spring-boot-starter-test/2.1.0.RELEASE/spring-boot-starter-test-2.1.0.RELEASE.jar:/Users/rsusarla/Documents/Maven/apache-maven-3.5.4/repo/org/springframework/boot/spring-boot-test/2.1.0.RELEASE/spring-boot-test-2.1.0.RELEASE.jar:/Users/rsusarla/Documents/Maven/apache-maven-3.5.4/repo/org/springframework/boot/spring-boot-test-autoconfigure/2.1.0.RELEASE/spring-boot-test-autoconfigure-2.1.0.RELEASE.jar:/Users/rsusarla/Documents/Maven/apache-maven-3.5.4/repo/com/jayway/jsonpath/json-path/2.4.0/json-path-2.4.0.jar:/Users/rsusarla/Documents/Maven/apache-maven-3.5.4/repo/net/minidev/json-smart/2.3/json-smart-2.3.jar:/Users/rsusarla/Documents/Maven/apache-maven-3.5.4/repo/net/minidev/accessors-smart/1.2/accessors-smart-1.2.jar:/Users/rsusarla/Documents/Maven/apache-maven-3.5.4/repo/org/assertj/assertj-core/3.11.1/assertj-core-3.11.1.jar:/Users/rsusarla/Documents/Maven/apache-maven-3.5.4/repo/org/hamcrest/hamcrest-core/1.3/hamcrest-core-1.3.jar:/Users/rsusarla/Documents/Maven/apache-maven-3.5.4/repo/org/hamcrest/hamcrest-library/1.3/hamcrest-library-1.3.jar:/Users/rsusarla/Documents/Maven/apache-maven-3.5.4/repo/org/skyscreamer/jsonassert/1.5.0/jsonassert-1.5.0.jar:/Users/rsusarla/Documents/Maven/apache-maven-3.5.4/repo/com/vaadin/external/google/android-json/0.0.20131108.vaadin1/android-json-0.0.20131108.vaadin1.jar:/Users/rsusarla/Documents/Maven/apache-maven-3.5.4/repo/org/springframework/spring-core/5.1.2.RELEASE/spring-core-5.1.2.RELEASE.jar:/Users/rsusarla/Documents/Maven/apache-maven-3.5.4/repo/org/springframework/spring-jcl/5.1.2.RELEASE/spring-jcl-5.1.2.RELEASE.jar:/Users/rsusarla/Documents/Maven/apache-maven-3.5.4/repo/org/springframework/spring-test/5.1.2.RELEASE/spring-test-5.1.2.RELEASE.jar:/Users/rsusarla/Documents/Maven/apache-maven-3.5.4/repo/org/xmlunit/xmlunit-core/2.6.2/xmlunit-core-2.6.2.jar:/Users/rsusarla/Documents/Maven/apache-maven-3.5.4/repo/io/springfox/springfox-swagger2/2.7.0/springfox-swagger2-2.7.0.jar:/Users/rsusarla/Documents/Maven/apache-maven-3.5.4/repo/io/swagger/swagger-annotations/1.5.13/swagger-annotations-1.5.13.jar:/Users/rsusarla/Documents/Maven/apache-maven-3.5.4/repo/io/swagger/swagger-models/1.5.13/swagger-models-1.5.13.jar:/Users/rsusarla/Documents/Maven/apache-maven-3.5.4/repo/io/springfox/springfox-spi/2.7.0/springfox-spi-2.7.0.jar:/Users/rsusarla/Documents/Maven/apache-maven-3.5.4/repo/io/springfox/springfox-core/2.7.0/springfox-core-2.7.0.jar:/Users/rsusarla/Documents/Maven/apache-maven-3.5.4/repo/io/springfox/springfox-schema/2.7.0/springfox-schema-2.7.0.jar:/Users/rsusarla/Documents/Maven/apache-maven-3.5.4/repo/io/springfox/springfox-swagger-common/2.7.0/springfox-swagger-common-2.7.0.jar:/Users/rsusarla/Documents/Maven/apache-maven-3.5.4/repo/io/springfox/springfox-spring-web/2.7.0/springfox-spring-web-2.7.0.jar:/Users/rsusarla/Documents/Maven/apache-maven-3.5.4/repo/org/reflections/reflections/0.9.11/reflections-0.9.11.jar:/Users/rsusarla/Documents/Maven/apache-maven-3.5.4/repo/com/google/guava/guava/18.0/guava-18.0.jar:/Users/rsusarla/Documents/Maven/apache-maven-3.5.4/repo/com/fasterxml/classmate/1.4.0/classmate-1.4.0.jar:/Users/rsusarla/Documents/Maven/apache-maven-3.5.4/repo/org/slf4j/slf4j-api/1.7.25/slf4j-api-1.7.25.jar:/Users/rsusarla/Documents/Maven/apache-maven-3.5.4/repo/org/springframework/plugin/spring-plugin-core/1.2.0.RELEASE/spring-plugin-core-1.2.0.RELEASE.jar:/Users/rsusarla/Documents/Maven/apache-maven-3.5.4/repo/org/springframework/plugin/spring-plugin-metadata/1.2.0.RELEASE/spring-plugin-metadata-1.2.0.RELEASE.jar:/Users/rsusarla/Documents/Maven/apache-maven-3.5.4/repo/org/mapstruct/mapstruct/1.1.0.Final/mapstruct-1.1.0.Final.jar:/Users/rsusarla/Documents/Maven/apache-maven-3.5.4/repo/io/springfox/springfox-swagger-ui/2.7.0/springfox-swagger-ui-2.7.0.jar:/Users/rsusarla/Documents/Maven/apache-maven-3.5.4/repo/ch/qos/logback/logback-core/1.2.3/logback-core-1.2.3.jar:/Users/rsusarla/Documents/Maven/apache-maven-3.5.4/repo/ch/qos/logback/logback-classic/1.2.3/logback-classic-1.2.3.jar:/Users/rsusarla/Documents/Maven/apache-maven-3.5.4/repo/org/mockito/mockito-core/2.8.47/mockito-core-2.8.47.jar:/Users/rsusarla/Documents/Maven/apache-maven-3.5.4/repo/net/bytebuddy/byte-buddy/1.9.3/byte-buddy-1.9.3.jar:/Users/rsusarla/Documents/Maven/apache-maven-3.5.4/repo/net/bytebuddy/byte-buddy-agent/1.9.3/byte-buddy-agent-1.9.3.jar:/Users/rsusarla/Documents/Maven/apache-maven-3.5.4/repo/org/objenesis/objenesis/2.5/objenesis-2.5.jar:/Users/rsusarla/Documents/Maven/apache-maven-3.5.4/repo/info/cukes/cucumber-java/1.2.5/cucumber-java-1.2.5.jar:/Users/rsusarla/Documents/Maven/apache-maven-3.5.4/repo/info/cukes/cucumber-core/1.2.5/cucumber-core-1.2.5.jar:/Users/rsusarla/Documents/Maven/apache-maven-3.5.4/repo/info/cukes/cucumber-html/0.2.3/cucumber-html-0.2.3.jar:/Users/rsusarla/Documents/Maven/apache-maven-3.5.4/repo/info/cukes/cucumber-jvm-deps/1.0.5/cucumber-jvm-deps-1.0.5.jar:/Users/rsusarla/Documents/Maven/apache-maven-3.5.4/repo/info/cukes/gherkin/2.12.2/gherkin-2.12.2.jar:/Users/rsusarla/Documents/Maven/apache-maven-3.5.4/repo/info/cukes/cucumber-junit/1.2.5/cucumber-junit-1.2.5.jar:/Users/rsusarla/Documents/Maven/apache-maven-3.5.4/repo/info/cukes/cucumber-spring/1.2.5/cucumber-spring-1.2.5.jar:/Users/rsusarla/Documents/Maven/apache-maven-3.5.4/repo/org/springframework/retry/spring-retry/1.2.2.RELEASE/spring-retry-1.2.2.RELEASE.jar:/Users/rsusarla/Documents/Maven/apache-maven-3.5.4/repo/org/springframework/spring-aop/5.1.2.RELEASE/spring-aop-5.1.2.RELEASE.jar:/Users/rsusarla/Documents/Maven/apache-maven-3.5.4/repo/org/springframework/spring-beans/5.1.2.RELEASE/spring-beans-5.1.2.RELEASE.jar:/Users/rsusarla/Documents/Maven/apache-maven-3.5.4/repo/org/modelmapper/modelmapper/2.3.1/modelmapper-2.3.1.jar:/Users/rsusarla/Documents/Maven/apache-maven-3.5.4/repo/org/apache/maven/plugins/maven-surefire-plugin/3.0.0-M1/maven-surefire-plugin-3.0.0-M1.jar:/Users/rsusarla/Documents/Maven/apache-maven-3.5.4/repo/org/apache/maven/surefire/maven-surefire-common/3.0.0-M1/maven-surefire-common-3.0.0-M1.jar:/Users/rsusarla/Documents/Maven/apache-maven-3.5.4/repo/org/apache/maven/surefire/surefire-api/3.0.0-M1/surefire-api-3.0.0-M1.jar:/Users/rsusarla/Documents/Maven/apache-maven-3.5.4/repo/org/apache/maven/surefire/surefire-logger-api/3.0.0-M1/surefire-logger-api-3.0.0-M1.jar:/Users/rsusarla/Documents/Maven/apache-maven-3.5.4/repo/org/apache/maven/surefire/surefire-booter/3.0.0-M1/surefire-booter-3.0.0-M1.jar:/Users/rsusarla/Documents/Maven/apache-maven-3.5.4/repo/org/apache/maven/maven-toolchain/3.0-alpha-2/maven-toolchain-3.0-alpha-2.jar:/Users/rsusarla/Documents/Maven/apache-maven-3.5.4/repo/org/apache/maven/maven-core/3.0-alpha-2/maven-core-3.0-alpha-2.jar:/Users/rsusarla/Documents/Maven/apache-maven-3.5.4/repo/org/apache/maven/maven-lifecycle/3.0-alpha-2/maven-lifecycle-3.0-alpha-2.jar:/Users/rsusarla/Documents/Maven/apache-maven-3.5.4/repo/org/apache/maven/maven-reporting-api/3.0-alpha-2/maven-reporting-api-3.0-alpha-2.jar:/Users/rsusarla/Documents/Maven/apache-maven-3.5.4/repo/org/apache/maven/doxia/doxia-sink-api/1.0-alpha-9/doxia-sink-api-1.0-alpha-9.jar:/Users/rsusarla/Documents/Maven/apache-maven-3.5.4/repo/org/apache/maven/maven-model/3.0-alpha-2/maven-model-3.0-alpha-2.jar:/Users/rsusarla/Documents/Maven/apache-maven-3.5.4/repo/org/apache/maven/maven-plugin-api/3.0-alpha-2/maven-plugin-api-3.0-alpha-2.jar:/Users/rsusarla/Documents/Maven/apache-maven-3.5.4/repo/org/codehaus/plexus/plexus-container-default/1.0-beta-3.0.5/plexus-container-default-1.0-beta-3.0.5.jar:/Users/rsusarla/Documents/Maven/apache-maven-3.5.4/repo/org/apache/xbean/xbean-reflect/3.4/xbean-reflect-3.4.jar:/Users/rsusarla/Documents/Maven/apache-maven-3.5.4/repo/log4j/log4j/1.2.12/log4j-1.2.12.jar:/Users/rsusarla/Documents/Maven/apache-maven-3.5.4/repo/commons-logging/commons-logging-api/1.1/commons-logging-api-1.1.jar:/Users/rsusarla/Documents/Maven/apache-maven-3.5.4/repo/com/google/code/google-collections/google-collect/snapshot-20080530/google-collect-snapshot-20080530.jar:/Users/rsusarla/Documents/Maven/apache-maven-3.5.4/repo/org/apache/maven/maven-project/3.0-alpha-2/maven-project-3.0-alpha-2.jar:/Users/rsusarla/Documents/Maven/apache-maven-3.5.4/repo/org/codehaus/woodstox/wstx-asl/3.2.6/wstx-asl-3.2.6.jar:/Users/rsusarla/Documents/Maven/apache-maven-3.5.4/repo/org/apache/maven/maven-project-builder/3.0-alpha-2/maven-project-builder-3.0-alpha-2.jar:/Users/rsusarla/Documents/Maven/apache-maven-3.5.4/repo/commons-cli/commons-cli/1.0/commons-cli-1.0.jar:/Users/rsusarla/Documents/Maven/apache-maven-3.5.4/repo/org/codehaus/plexus/plexus-interactivity-api/1.0-alpha-6/plexus-interactivity-api-1.0-alpha-6.jar:/Users/rsusarla/Documents/Maven/apache-maven-3.5.4/repo/org/codehaus/plexus/plexus-interpolation/1.1/plexus-interpolation-1.1.jar:/Users/rsusarla/Documents/Maven/apache-maven-3.5.4/repo/org/codehaus/plexus/plexus-utils/1.5.6/plexus-utils-1.5.6.jar:/Users/rsusarla/Documents/Maven/apache-maven-3.5.4/repo/org/codehaus/plexus/plexus-classworlds/1.3/plexus-classworlds-1.3.jar:/Users/rsusarla/Documents/Maven/apache-maven-3.5.4/repo/org/codehaus/plexus/plexus-component-annotations/1.0-beta-3.0.5/plexus-component-annotations-1.0-beta-3.0.5.jar:/Users/rsusarla/Documents/Maven/apache-maven-3.5.4/repo/org/sonatype/plexus/plexus-plugin-manager/1.0-alpha-1/plexus-plugin-manager-1.0-alpha-1.jar:/Users/rsusarla/Documents/Maven/apache-maven-3.5.4/repo/org/apache/maven/mercury/mercury-plexus/1.0.0-alpha-2/mercury-plexus-1.0.0-alpha-2.jar:/Users/rsusarla/Documents/Maven/apache-maven-3.5.4/repo/org/apache/maven/mercury/mercury-repo-remote-m2/1.0.0-alpha-2/mercury-repo-remote-m2-1.0.0-alpha-2.jar:/Users/rsusarla/Documents/Maven/apache-maven-3.5.4/repo/org/apache/maven/mercury/mercury-repo-api/1.0.0-alpha-2/mercury-repo-api-1.0.0-alpha-2.jar:/Users/rsusarla/Documents/Maven/apache-maven-3.5.4/repo/org/apache/maven/mercury/mercury-transport-api/1.0.0-alpha-2/mercury-transport-api-1.0.0-alpha-2.jar:/Users/rsusarla/Documents/Maven/apache-maven-3.5.4/repo/org/apache/maven/mercury/mercury-crypto-api/1.0.0-alpha-2/mercury-crypto-api-1.0.0-alpha-2.jar:/Users/rsusarla/Documents/Maven/apache-maven-3.5.4/repo/org/apache/maven/mercury/mercury-transport-http/1.0.0-alpha-2/mercury-transport-http-1.0.0-alpha-2.jar:/Users/rsusarla/Documents/Maven/apache-maven-3.5.4/repo/org/mortbay/jetty/jetty-client/6.1.12/jetty-client-6.1.12.jar:/Users/rsusarla/Documents/Maven/apache-maven-3.5.4/repo/org/mortbay/jetty/jetty-sslengine/6.1.12/jetty-sslengine-6.1.12.jar:/Users/rsusarla/Documents/Maven/apache-maven-3.5.4/repo/org/mortbay/jetty/jetty/6.1.12/jetty-6.1.12.jar:/Users/rsusarla/Documents/Maven/apache-maven-3.5.4/repo/org/mortbay/jetty/jetty-util/6.1.12/jetty-util-6.1.12.jar:/Users/rsusarla/Documents/Maven/apache-maven-3.5.4/repo/org/mortbay/jetty/servlet-api-2.5/6.1.12/servlet-api-2.5-6.1.12.jar:/Users/rsusarla/Documents/Maven/apache-maven-3.5.4/repo/org/apache/maven/mercury/mercury-crypto-basic/1.0.0-alpha-2/mercury-crypto-basic-1.0.0-alpha-2.jar:/Users/rsusarla/Documents/Maven/apache-maven-3.5.4/repo/bouncycastle/bcprov-jdk15/140/bcprov-jdk15-140.jar:/Users/rsusarla/Documents/Maven/apache-maven-3.5.4/repo/bouncycastle/bcpg-jdk15/140/bcpg-jdk15-140.jar:/Users/rsusarla/Documents/Maven/apache-maven-3.5.4/repo/org/apache/maven/mercury/mercury-md-shared/1.0.0-alpha-2/mercury-md-shared-1.0.0-alpha-2.jar:/Users/rsusarla/Documents/Maven/apache-maven-3.5.4/repo/org/apache/maven/mercury/mercury-util/1.0.0-alpha-2/mercury-util-1.0.0-alpha-2.jar:/Users/rsusarla/Documents/Maven/apache-maven-3.5.4/repo/org/apache/maven/mercury/mercury-repo-local-m2/1.0.0-alpha-2/mercury-repo-local-m2-1.0.0-alpha-2.jar:/Users/rsusarla/Documents/Maven/apache-maven-3.5.4/repo/org/apache/maven/mercury/mercury-repo-virtual/1.0.0-alpha-2/mercury-repo-virtual-1.0.0-alpha-2.jar:/Users/rsusarla/Documents/Maven/apache-maven-3.5.4/repo/org/apache/maven/mercury/mercury-repo-cache-fs/1.0.0-alpha-2/mercury-repo-cache-fs-1.0.0-alpha-2.jar:/Users/rsusarla/Documents/Maven/apache-maven-3.5.4/repo/org/apache/maven/mercury/mercury-md-sat/1.0.0-alpha-2/mercury-md-sat-1.0.0-alpha-2.jar:/Users/rsusarla/Documents/Maven/apache-maven-3.5.4/repo/org/sat4j/org.sat4j.core/2.0.4/org.sat4j.core-2.0.4.jar:/Users/rsusarla/Documents/Maven/apache-maven-3.5.4/repo/org/sat4j/org.sat4j.pb/2.0.4/org.sat4j.pb-2.0.4.jar:/Users/rsusarla/Documents/Maven/apache-maven-3.5.4/repo/org/apache/maven/mercury/mercury-event/1.0.0-alpha-2/mercury-event-1.0.0-alpha-2.jar:/Users/rsusarla/Documents/Maven/apache-maven-3.5.4/repo/org/apache/maven/mercury/mercury-logging/1.0.0-alpha-2/mercury-logging-1.0.0-alpha-2.jar:/Users/rsusarla/Documents/Maven/apache-maven-3.5.4/repo/org/codehaus/plexus/plexus-lang/1.1/plexus-lang-1.1.jar:/Users/rsusarla/Documents/Maven/apache-maven-3.5.4/repo/org/slf4j/slf4j-jdk14/1.7.25/slf4j-jdk14-1.7.25.jar:/Users/rsusarla/Documents/Maven/apache-maven-3.5.4/repo/org/apache/maven/maven-mercury/3.0-alpha-2/maven-mercury-3.0-alpha-2.jar:/Users/rsusarla/Documents/Maven/apache-maven-3.5.4/repo/org/apache/maven/mercury/mercury-artifact/1.0.0-alpha-2/mercury-artifact-1.0.0-alpha-2.jar:/Users/rsusarla/Documents/Maven/apache-maven-3.5.4/repo/org/apache/maven/mercury/mercury-external/1.0.0-alpha-2/mercury-external-1.0.0-alpha-2.jar:/Users/rsusarla/Documents/Maven/apache-maven-3.5.4/repo/org/sonatype/spice/model-builder/1.3/model-builder-1.3.jar:/Users/rsusarla/Documents/Maven/apache-maven-3.5.4/repo/stax/stax-api/1.0.1/stax-api-1.0.1.jar:/Users/rsusarla/Documents/Maven/apache-maven-3.5.4/repo/org/apache/maven/maven-compat/3.0-alpha-2/maven-compat-3.0-alpha-2.jar:/Users/rsusarla/Documents/Maven/apache-maven-3.5.4/repo/org/apache/maven/wagon/wagon-provider-api/1.0-beta-4/wagon-provider-api-1.0-beta-4.jar:/Users/rsusarla/Documents/Maven/apache-maven-3.5.4/repo/org/codehaus/plexus/plexus-java/0.9.11/plexus-java-0.9.11.jar:/Users/rsusarla/Documents/Maven/apache-maven-3.5.4/repo/org/ow2/asm/asm/7.0-beta/asm-7.0-beta.jar:/Users/rsusarla/Documents/Maven/apache-maven-3.5.4/repo/com/thoughtworks/qdox/qdox/2.0-M9/qdox-2.0-M9.jar:/Users/rsusarla/Documents/Maven/apache-maven-3.5.4/repo/junit/junit/4.11/junit-4.11.jar:"/>
    <property name="sun.cpu.endian" value="little"/>
    <property name="user.home" value="/Users/rsusarla"/>
    <property name="user.language" value="en"/>
    <property name="java.specification.vendor" value="Oracle Corporation"/>
    <property name="java.home" value="/Library/Java/JavaVirtualMachines/jdk1.8.0_191.jdk/Contents/Home/jre"/>
    <property name="basedir" value="/Users/rsusarla/Documents/POC1/spring-boot-sample-app"/>
    <property name="file.separator" value="/"/>
    <property name="line.separator" value="&#10;"/>
    <property name="java.vm.specification.vendor" value="Oracle Corporation"/>
    <property name="java.specification.name" value="Java Platform API Specification"/>
    <property name="java.awt.graphicsenv" value="sun.awt.CGraphicsEnvironment"/>
    <property name="surefire.real.class.path" value="/Users/rsusarla/Documents/POC1/spring-boot-sample-app/target/surefire/surefirebooter6308166266014613416.jar:/Users/rsusarla/Documents/Maven/apache-maven-3.5.4/repo/org/jacoco/org.jacoco.agent/0.7.9/org.jacoco.agent-0.7.9-runtime.jar"/>
    <property name="sun.boot.class.path" value="/Library/Java/JavaVirtualMachines/jdk1.8.0_191.jdk/Contents/Home/jre/lib/resources.jar:/Library/Java/JavaVirtualMachines/jdk1.8.0_191.jdk/Contents/Home/jre/lib/rt.jar:/Library/Java/JavaVirtualMachines/jdk1.8.0_191.jdk/Contents/Home/jre/lib/sunrsasign.jar:/Library/Java/JavaVirtualMachines/jdk1.8.0_191.jdk/Contents/Home/jre/lib/jsse.jar:/Library/Java/JavaVirtualMachines/jdk1.8.0_191.jdk/Contents/Home/jre/lib/jce.jar:/Library/Java/JavaVirtualMachines/jdk1.8.0_191.jdk/Contents/Home/jre/lib/charsets.jar:/Library/Java/JavaVirtualMachines/jdk1.8.0_191.jdk/Contents/Home/jre/lib/jfr.jar:/Library/Java/JavaVirtualMachines/jdk1.8.0_191.jdk/Contents/Home/jre/classes"/>
    <property name="sun.management.compiler" value="HotSpot 64-Bit Tiered Compilers"/>
    <property name="java.runtime.version" value="1.8.0_191-b12"/>
    <property name="user.name" value="rsusarla"/>
    <property name="path.separator" value=":"/>
    <property name="os.version" value="10.14.2"/>
    <property name="java.endorsed.dirs" value="/Library/Java/JavaVirtualMachines/jdk1.8.0_191.jdk/Contents/Home/jre/lib/endorsed"/>
    <property name="java.runtime.name" value="Java(TM) SE Runtime Environment"/>
    <property name="file.encoding" value="UTF-8"/>
    <property name="java.vm.name" value="Java HotSpot(TM) 64-Bit Server VM"/>
    <property name="localRepository" value="/Users/rsusarla/Documents/Maven/apache-maven-3.5.4/repo"/>
    <property name="java.vendor.url.bug" value="http://bugreport.sun.com/bugreport/"/>
    <property name="java.io.tmpdir" value="/var/folders/5h/b15jbvzx5wq0jl73d12vqwg40000gp/T/"/>
    <property name="java.version" value="1.8.0_191"/>
    <property name="user.dir" value="/Users/rsusarla/Documents/POC1/spring-boot-sample-app"/>
    <property name="os.arch" value="x86_64"/>
    <property name="java.vm.specification.name" value="Java Virtual Machine Specification"/>
    <property name="java.awt.printerjob" value="sun.lwawt.macosx.CPrinterJob"/>
    <property name="sun.os.patch.level" value="unknown"/>
    <property name="java.library.path" value="/Users/rsusarla/Library/Java/Extensions:/Library/Java/Extensions:/Network/Library/Java/Extensions:/System/Library/Java/Extensions:/usr/lib/java:."/>
    <property name="java.vm.info" value="mixed mode"/>
    <property name="java.vendor" value="Oracle Corporation"/>
    <property name="java.vm.version" value="25.191-b12"/>
    <property name="java.ext.dirs" value="/Users/rsusarla/Library/Java/Extensions:/Library/Java/JavaVirtualMachines/jdk1.8.0_191.jdk/Contents/Home/jre/lib/ext:/Library/Java/Extensions:/Network/Library/Java/Extensions:/System/Library/Java/Extensions:/usr/lib/java"/>
    <property name="sun.io.unicode.encoding" value="UnicodeBig"/>
    <property name="java.class.version" value="52.0"/>
  </properties>
  <testcase name="When the client calls /health" classname="Scenario: client makes call to GET /health" time="0.004"/>
  <testcase name="Then the client receives response status code of 200" classname="Scenario: client makes call to GET /health" time="0"/>
  <testcase name="Scenario: client makes call to GET /health" classname="Scenario: client makes call to GET /health" time="0.002"/>
  <testcase name="When the client calls /version" classname="Scenario: client makes call to GET /version" time="0"/>
  <testcase name="Then the client receives status code of 200" classname="Scenario: client makes call to GET /version" time="0"/>
  <testcase name="And the client receives server version 1.0" classname="Scenario: client makes call to GET /version" time="0"/>
  <testcase name="Scenario: client makes call to GET /version" classname="Scenario: client makes call to GET /version" time="0.001"/>
</testsuite>